#-----------------------------------------------------------
# Vivado v2019.2 (64-bit)
# SW Build 2708876 on Wed Nov  6 21:40:23 MST 2019
# IP Build 2700528 on Thu Nov  7 00:09:20 MST 2019
# Start of session at: Mon Aug  3 22:33:40 2020
# Process ID: 15196
# Current directory: D:/MS_TUC/My files/S 2/DHS/Lab/lab-3/Lab-3
# Command line: vivado.exe -gui_launcher_event rodinguilauncherevent20804 D:\MS_TUC\My files\S 2\DHS\Lab\lab-3\Lab-3\Lab-3.xpr
# Log file: D:/MS_TUC/My files/S 2/DHS/Lab/lab-3/Lab-3/vivado.log
# Journal file: D:/MS_TUC/My files/S 2/DHS/Lab/lab-3/Lab-3\vivado.jou
#-----------------------------------------------------------
start_gui
open_project {D:/MS_TUC/My files/S 2/DHS/Lab/lab-3/Lab-3/Lab-3.xpr}
Scanning sources...
Finished scanning sources
INFO: [IP_Flow 19-234] Refreshing IP repositories
INFO: [IP_Flow 19-1704] No user IP repositories specified
INFO: [IP_Flow 19-2313] Loaded Vivado IP repository 'D:/xilinx/Vivado/2019.2/data/ip'.
open_project: Time (s): cpu = 00:00:17 ; elapsed = 00:00:13 . Memory (MB): peak = 672.871 ; gain = 70.164
update_compile_order -fileset sources_1
exit
INFO: [Common 17-206] Exiting Vivado at Mon Aug  3 22:34:22 2020...
