#-----------------------------------------------------------
# Vivado v2019.2 (64-bit)
# SW Build 2708876 on Wed Nov  6 21:40:23 MST 2019
# IP Build 2700528 on Thu Nov  7 00:09:20 MST 2019
# Start of session at: Fri Jul  3 00:40:17 2020
# Process ID: 15080
# Current directory: D:/MS_TUC/My files/S 2/DHS/Lab/lab-3/Lab-3
# Command line: vivado.exe -gui_launcher_event rodinguilauncherevent15260 D:\MS_TUC\My files\S 2\DHS\Lab\lab-3\Lab-3\Lab-3.xpr
# Log file: D:/MS_TUC/My files/S 2/DHS/Lab/lab-3/Lab-3/vivado.log
# Journal file: D:/MS_TUC/My files/S 2/DHS/Lab/lab-3/Lab-3\vivado.jou
#-----------------------------------------------------------
start_gui
open_project {D:/MS_TUC/My files/S 2/DHS/Lab/lab-3/Lab-3/Lab-3.xpr}
Scanning sources...
Finished scanning sources
INFO: [IP_Flow 19-234] Refreshing IP repositories
INFO: [IP_Flow 19-1704] No user IP repositories specified
INFO: [IP_Flow 19-2313] Loaded Vivado IP repository 'D:/xilinx/Vivado/2019.2/data/ip'.
open_project: Time (s): cpu = 00:00:11 ; elapsed = 00:00:08 . Memory (MB): peak = 717.875 ; gain = 122.840
update_compile_order -fileset sources_1
set_property is_enabled true [get_files  {{D:/MS_TUC/My files/S 2/DHS/Lab/lab-3/tb_pwm_driver.vhd}}]
update_compile_order -fileset sources_1
set_property is_enabled false [get_files  {{D:/MS_TUC/My files/S 2/DHS/Lab/lab-3/tb_pwm_digital_top.vhd}}]
update_compile_order -fileset sources_1
set_property is_enabled false [get_files  {{D:/MS_TUC/My files/S 2/DHS/Lab/lab-3/pwm_digital_top.vhd}}]
update_compile_order -fileset sources_1
launch_simulation
Command: launch_simulation 
INFO: [Vivado 12-5682] Launching behavioral simulation in 'D:/MS_TUC/My files/S 2/DHS/Lab/lab-3/Lab-3/Lab-3.sim/sim_1/behav/xsim'
INFO: [SIM-utils-51] Simulation object is 'sim_1'
INFO: [SIM-utils-54] Inspecting design source files for 'tb_pwm_driver' in fileset 'sim_1'...
INFO: [USF-XSim-97] Finding global include files...
INFO: [USF-XSim-98] Fetching design files from 'sim_1'...
INFO: [USF-XSim-2] XSim::Compile design
INFO: [USF-XSim-61] Executing 'COMPILE and ANALYZE' step in 'D:/MS_TUC/My files/S 2/DHS/Lab/lab-3/Lab-3/Lab-3.sim/sim_1/behav/xsim'
"xvhdl --incr --relax -prj tb_pwm_driver_vhdl.prj"
INFO: [USF-XSim-69] 'compile' step finished in '2' seconds
INFO: [USF-XSim-3] XSim::Elaborate design
INFO: [USF-XSim-61] Executing 'ELABORATE' step in 'D:/MS_TUC/My files/S 2/DHS/Lab/lab-3/Lab-3/Lab-3.sim/sim_1/behav/xsim'
"xelab -wto 0b97abf4f3074ae9a215a0c276409b18 --incr --debug typical --relax --mt 2 -L xil_defaultlib -L secureip --snapshot tb_pwm_driver_behav xil_defaultlib.tb_pwm_driver -log elaborate.log"
Vivado Simulator 2019.2
Copyright 1986-1999, 2001-2019 Xilinx, Inc. All Rights Reserved.
Running: D:/xilinx/Vivado/2019.2/bin/unwrapped/win64.o/xelab.exe -wto 0b97abf4f3074ae9a215a0c276409b18 --incr --debug typical --relax --mt 2 -L xil_defaultlib -L secureip --snapshot tb_pwm_driver_behav xil_defaultlib.tb_pwm_driver -log elaborate.log 
Using 2 slave threads.
Starting static elaboration
Completed static elaboration
INFO: [XSIM 43-4323] No Change in HDL. Linking previously generated obj files to create kernel
INFO: [USF-XSim-69] 'elaborate' step finished in '3' seconds
INFO: [USF-XSim-4] XSim::Simulate design
INFO: [USF-XSim-61] Executing 'SIMULATE' step in 'D:/MS_TUC/My files/S 2/DHS/Lab/lab-3/Lab-3/Lab-3.sim/sim_1/behav/xsim'
INFO: [USF-XSim-98] *** Running xsim
   with args "tb_pwm_driver_behav -key {Behavioral:sim_1:Functional:tb_pwm_driver} -tclbatch {tb_pwm_driver.tcl} -log {simulate.log}"
INFO: [USF-XSim-8] Loading simulator feature
Vivado Simulator 2019.2
Time resolution is 1 ps
source tb_pwm_driver.tcl
# set curr_wave [current_wave_config]
# if { [string length $curr_wave] == 0 } {
#   if { [llength [get_objects]] > 0} {
#     add_wave /
#     set_property needs_save false [current_wave_config]
#   } else {
#      send_msg_id Add_Wave-1 WARNING "No top level signals found. Simulator will start without a wave window. If you want to open a wave window go to 'File->New Waveform Configuration' or type 'create_wave_config' in the TCL console."
#   }
# }
# run 1000ns
INFO: [USF-XSim-96] XSim completed. Design snapshot 'tb_pwm_driver_behav' loaded.
INFO: [USF-XSim-97] XSim simulation ran for 1000ns
launch_simulation: Time (s): cpu = 00:00:07 ; elapsed = 00:00:09 . Memory (MB): peak = 752.871 ; gain = 14.094
run 200 ms
run: Time (s): cpu = 00:00:15 ; elapsed = 00:00:13 . Memory (MB): peak = 753.188 ; gain = 0.000
run 200 ms
run: Time (s): cpu = 00:00:14 ; elapsed = 00:00:13 . Memory (MB): peak = 753.188 ; gain = 0.000
set_property is_enabled true [get_files  {{D:/MS_TUC/My files/S 2/DHS/Lab/lab-3/tb_pwm_digital_top.vhd}}]
update_compile_order -fileset sources_1
set_property is_enabled true [get_files  {{D:/MS_TUC/My files/S 2/DHS/Lab/lab-3/pwm_digital_top.vhd}}]
update_compile_order -fileset sources_1
set_property is_enabled false [get_files  {{D:/MS_TUC/My files/S 2/DHS/Lab/lab-3/tb_pwm_driver.vhd}}]
update_compile_order -fileset sources_1
launch_simulation
Command: launch_simulation 
boost::filesystem::remove: The process cannot access the file because it is being used by another process: "D:/MS_TUC/My files/S 2/DHS/Lab/lab-3/Lab-3/Lab-3.sim/sim_1/behav/xsim/simulate.log"
launch_simulation
Command: launch_simulation 
boost::filesystem::remove: The process cannot access the file because it is being used by another process: "D:/MS_TUC/My files/S 2/DHS/Lab/lab-3/Lab-3/Lab-3.sim/sim_1/behav/xsim/simulate.log"
relaunch_sim
Command: launch_simulation -simset sim_1 -mode behavioral
INFO: [Vivado 12-5682] Launching behavioral simulation in 'D:/MS_TUC/My files/S 2/DHS/Lab/lab-3/Lab-3/Lab-3.sim/sim_1/behav/xsim'
INFO: [SIM-utils-51] Simulation object is 'sim_1'
INFO: [SIM-utils-54] Inspecting design source files for 'tb_pwm_digital_top' in fileset 'sim_1'...
INFO: [USF-XSim-97] Finding global include files...
INFO: [USF-XSim-98] Fetching design files from 'sim_1'...
INFO: [USF-XSim-2] XSim::Compile design
INFO: [USF-XSim-61] Executing 'COMPILE and ANALYZE' step in 'D:/MS_TUC/My files/S 2/DHS/Lab/lab-3/Lab-3/Lab-3.sim/sim_1/behav/xsim'
"xvhdl --incr --relax -prj tb_pwm_digital_top_vhdl.prj"
INFO: [VRFC 10-163] Analyzing VHDL file "D:/MS_TUC/My files/S 2/DHS/Lab/lab-3/tb_pwm_digital_top.vhd" into library xil_defaultlib
INFO: [VRFC 10-3107] analyzing entity 'tb_pwm_digital_top'
INFO: [USF-XSim-69] 'compile' step finished in '1' seconds
Command: launch_simulation -simset sim_1 -mode behavioral
INFO: [Vivado 12-5682] Launching behavioral simulation in 'D:/MS_TUC/My files/S 2/DHS/Lab/lab-3/Lab-3/Lab-3.sim/sim_1/behav/xsim'
INFO: [USF-XSim-3] XSim::Elaborate design
INFO: [USF-XSim-61] Executing 'ELABORATE' step in 'D:/MS_TUC/My files/S 2/DHS/Lab/lab-3/Lab-3/Lab-3.sim/sim_1/behav/xsim'
"xelab -wto 0b97abf4f3074ae9a215a0c276409b18 --incr --debug typical --relax --mt 2 -L xil_defaultlib -L secureip --snapshot tb_pwm_digital_top_behav xil_defaultlib.tb_pwm_digital_top -log elaborate.log"
Vivado Simulator 2019.2
Copyright 1986-1999, 2001-2019 Xilinx, Inc. All Rights Reserved.
Running: D:/xilinx/Vivado/2019.2/bin/unwrapped/win64.o/xelab.exe -wto 0b97abf4f3074ae9a215a0c276409b18 --incr --debug typical --relax --mt 2 -L xil_defaultlib -L secureip --snapshot tb_pwm_digital_top_behav xil_defaultlib.tb_pwm_digital_top -log elaborate.log 
Using 2 slave threads.
Starting static elaboration
Completed static elaboration
Starting simulation data flow analysis
Completed simulation data flow analysis
Time Resolution for simulation is 1ps
Compiling package std.standard
Compiling package std.textio
Compiling package ieee.std_logic_1164
Compiling package ieee.numeric_std
Compiling architecture rtl of entity xil_defaultlib.SPI [spi_default]
Compiling architecture rtl of entity xil_defaultlib.PWM_controller_E [pwm_controller_e_default]
Compiling architecture rtl of entity xil_defaultlib.PWM_driver_E [pwm_driver_e_default]
Compiling architecture struct of entity xil_defaultlib.PWM_digital_top_E [pwm_digital_top_e_default]
Compiling architecture testbench of entity xil_defaultlib.tb_pwm_digital_top
Built simulation snapshot tb_pwm_digital_top_behav

****** Webtalk v2019.2 (64-bit)
  **** SW Build 2708876 on Wed Nov  6 21:40:23 MST 2019
  **** IP Build 2700528 on Thu Nov  7 00:09:20 MST 2019
    ** Copyright 1986-2019 Xilinx, Inc. All Rights Reserved.

source D:/MS_TUC/My -notrace
couldn't read file "D:/MS_TUC/My": no such file or directory
INFO: [Common 17-206] Exiting Webtalk at Fri Jul  3 00:52:27 2020...
run_program: Time (s): cpu = 00:00:01 ; elapsed = 00:00:05 . Memory (MB): peak = 793.102 ; gain = 0.000
INFO: [USF-XSim-69] 'elaborate' step finished in '6' seconds
launch_simulation: Time (s): cpu = 00:00:01 ; elapsed = 00:00:05 . Memory (MB): peak = 793.102 ; gain = 0.000
Vivado Simulator 2019.2
Time resolution is 1 ps
relaunch_sim: Time (s): cpu = 00:00:01 ; elapsed = 00:00:12 . Memory (MB): peak = 793.102 ; gain = 0.000
reset_simulation -simset sim_1 -mode behavioral
INFO: [Vivado 12-2266] Removing simulation data...
WARNING: [Vivado 12-3661] Failed to remove file:D:/MS_TUC/My files/S 2/DHS/Lab/lab-3/Lab-3/Lab-3.sim/sim_1/behav/xsim/simulate.log
WARNING: [Vivado 12-3661] Failed to remove file:D:/MS_TUC/My files/S 2/DHS/Lab/lab-3/Lab-3/Lab-3.sim/sim_1/behav/xsim/tb_pwm_driver_behav.wdb
WARNING: [Vivado 12-3661] Failed to remove file:D:/MS_TUC/My files/S 2/DHS/Lab/lab-3/Lab-3/Lab-3.sim/sim_1/behav/xsim/xsim.dir/tb_pwm_driver_behav/xsim.type
WARNING: [Vivado 12-3661] Failed to remove file:D:/MS_TUC/My files/S 2/DHS/Lab/lab-3/Lab-3/Lab-3.sim/sim_1/behav/xsim/xsim.dir/tb_pwm_driver_behav/xsim.xdbg
WARNING: [Vivado 12-3661] Failed to remove file:D:/MS_TUC/My files/S 2/DHS/Lab/lab-3/Lab-3/Lab-3.sim/sim_1/behav/xsim/xsim.dir/tb_pwm_driver_behav/xsimcrash.log
WARNING: [Vivado 12-3661] Failed to remove file:D:/MS_TUC/My files/S 2/DHS/Lab/lab-3/Lab-3/Lab-3.sim/sim_1/behav/xsim/xsim.dir/tb_pwm_driver_behav/xsimk.exe
WARNING: [Vivado 12-3661] Failed to remove file:D:/MS_TUC/My files/S 2/DHS/Lab/lab-3/Lab-3/Lab-3.sim/sim_1/behav/xsim/xsim.dir/tb_pwm_driver_behav/xsimkernel.log
WARNING: [Vivado 12-4421] Failed to remove directory:D:/MS_TUC/My files/S 2/DHS/Lab/lab-3/Lab-3/Lab-3.sim/sim_1/behav/xsim/xsim.dir/tb_pwm_driver_behav
WARNING: [Vivado 12-4421] Failed to remove directory:D:/MS_TUC/My files/S 2/DHS/Lab/lab-3/Lab-3/Lab-3.sim/sim_1/behav/xsim/xsim.dir
INFO: [Vivado 12-2267] Reset complete
reset_simulation -simset sim_1 -mode behavioral
INFO: [Vivado 12-2266] Removing simulation data...
WARNING: [Vivado 12-3661] Failed to remove file:D:/MS_TUC/My files/S 2/DHS/Lab/lab-3/Lab-3/Lab-3.sim/sim_1/behav/xsim/simulate.log
WARNING: [Vivado 12-3661] Failed to remove file:D:/MS_TUC/My files/S 2/DHS/Lab/lab-3/Lab-3/Lab-3.sim/sim_1/behav/xsim/tb_pwm_driver_behav.wdb
WARNING: [Vivado 12-3661] Failed to remove file:D:/MS_TUC/My files/S 2/DHS/Lab/lab-3/Lab-3/Lab-3.sim/sim_1/behav/xsim/xsim.dir/tb_pwm_driver_behav/xsim.type
WARNING: [Vivado 12-3661] Failed to remove file:D:/MS_TUC/My files/S 2/DHS/Lab/lab-3/Lab-3/Lab-3.sim/sim_1/behav/xsim/xsim.dir/tb_pwm_driver_behav/xsim.xdbg
WARNING: [Vivado 12-3661] Failed to remove file:D:/MS_TUC/My files/S 2/DHS/Lab/lab-3/Lab-3/Lab-3.sim/sim_1/behav/xsim/xsim.dir/tb_pwm_driver_behav/xsimcrash.log
WARNING: [Vivado 12-3661] Failed to remove file:D:/MS_TUC/My files/S 2/DHS/Lab/lab-3/Lab-3/Lab-3.sim/sim_1/behav/xsim/xsim.dir/tb_pwm_driver_behav/xsimk.exe
WARNING: [Vivado 12-3661] Failed to remove file:D:/MS_TUC/My files/S 2/DHS/Lab/lab-3/Lab-3/Lab-3.sim/sim_1/behav/xsim/xsim.dir/tb_pwm_driver_behav/xsimkernel.log
WARNING: [Vivado 12-4421] Failed to remove directory:D:/MS_TUC/My files/S 2/DHS/Lab/lab-3/Lab-3/Lab-3.sim/sim_1/behav/xsim/xsim.dir/tb_pwm_driver_behav
WARNING: [Vivado 12-4421] Failed to remove directory:D:/MS_TUC/My files/S 2/DHS/Lab/lab-3/Lab-3/Lab-3.sim/sim_1/behav/xsim/xsim.dir
INFO: [Vivado 12-2267] Reset complete
launch_simulation
Command: launch_simulation 
boost::filesystem::remove: The process cannot access the file because it is being used by another process: "D:/MS_TUC/My files/S 2/DHS/Lab/lab-3/Lab-3/Lab-3.sim/sim_1/behav/xsim/simulate.log"
close_sim
INFO: [Simtcl 6-16] Simulation closed
exit
INFO: [Common 17-206] Exiting Vivado at Fri Jul  3 00:55:57 2020...
