#-----------------------------------------------------------
# Vivado v2019.2 (64-bit)
# SW Build 2708876 on Wed Nov  6 21:40:23 MST 2019
# IP Build 2700528 on Thu Nov  7 00:09:20 MST 2019
# Start of session at: Fri Jun 12 20:07:58 2020
# Process ID: 2780
# Current directory: D:/MS_TUC/My files/S 2/DHS/Lab/lab-2/Lab-2
# Command line: vivado.exe -gui_launcher_event rodinguilauncherevent14936 D:\MS_TUC\My files\S 2\DHS\Lab\lab-2\Lab-2\Lab-2.xpr
# Log file: D:/MS_TUC/My files/S 2/DHS/Lab/lab-2/Lab-2/vivado.log
# Journal file: D:/MS_TUC/My files/S 2/DHS/Lab/lab-2/Lab-2\vivado.jou
#-----------------------------------------------------------
start_gui
open_project {D:/MS_TUC/My files/S 2/DHS/Lab/lab-2/Lab-2/Lab-2.xpr}
Scanning sources...
Finished scanning sources
INFO: [IP_Flow 19-234] Refreshing IP repositories
INFO: [IP_Flow 19-1704] No user IP repositories specified
INFO: [IP_Flow 19-2313] Loaded Vivado IP repository 'D:/xilinx/Vivado/2019.2/data/ip'.
open_project: Time (s): cpu = 00:00:10 ; elapsed = 00:00:12 . Memory (MB): peak = 722.555 ; gain = 105.785
update_compile_order -fileset sources_1
update_compile_order -fileset sources_1
update_compile_order -fileset sources_1
launch_simulation
Command: launch_simulation 
INFO: [Vivado 12-5682] Launching behavioral simulation in 'D:/MS_TUC/My files/S 2/DHS/Lab/lab-2/Lab-2/Lab-2.sim/sim_1/behav/xsim'
INFO: [SIM-utils-51] Simulation object is 'sim_1'
INFO: [SIM-utils-54] Inspecting design source files for 'tb_pwm_spi' in fileset 'sim_1'...
INFO: [USF-XSim-97] Finding global include files...
INFO: [USF-XSim-98] Fetching design files from 'sim_1'...
INFO: [USF-XSim-2] XSim::Compile design
INFO: [USF-XSim-61] Executing 'COMPILE and ANALYZE' step in 'D:/MS_TUC/My files/S 2/DHS/Lab/lab-2/Lab-2/Lab-2.sim/sim_1/behav/xsim'
"xvhdl --incr --relax -prj tb_pwm_spi_vhdl.prj"
INFO: [VRFC 10-163] Analyzing VHDL file "D:/MS_TUC/My files/S 2/DHS/Lab/lab-2/spi.vhd" into library xil_defaultlib
INFO: [VRFC 10-3107] analyzing entity 'SPI'
INFO: [USF-XSim-69] 'compile' step finished in '4' seconds
INFO: [USF-XSim-3] XSim::Elaborate design
INFO: [USF-XSim-61] Executing 'ELABORATE' step in 'D:/MS_TUC/My files/S 2/DHS/Lab/lab-2/Lab-2/Lab-2.sim/sim_1/behav/xsim'
"xelab -wto 89ea1252dd9d4a7c8cae1839e9df8d51 --incr --debug typical --relax --mt 2 -L xil_defaultlib -L secureip --snapshot tb_pwm_spi_behav xil_defaultlib.tb_pwm_spi -log elaborate.log"
Vivado Simulator 2019.2
Copyright 1986-1999, 2001-2019 Xilinx, Inc. All Rights Reserved.
Running: D:/xilinx/Vivado/2019.2/bin/unwrapped/win64.o/xelab.exe -wto 89ea1252dd9d4a7c8cae1839e9df8d51 --incr --debug typical --relax --mt 2 -L xil_defaultlib -L secureip --snapshot tb_pwm_spi_behav xil_defaultlib.tb_pwm_spi -log elaborate.log 
Using 2 slave threads.
Starting static elaboration
Completed static elaboration
Starting simulation data flow analysis
Completed simulation data flow analysis
Time Resolution for simulation is 1ps
Compiling package std.standard
Compiling package std.textio
Compiling package ieee.std_logic_1164
Compiling package ieee.numeric_std
Compiling architecture rtl of entity xil_defaultlib.SPI [spi_default]
Compiling architecture testbench of entity xil_defaultlib.tb_pwm_spi
Built simulation snapshot tb_pwm_spi_behav

****** Webtalk v2019.2 (64-bit)
  **** SW Build 2708876 on Wed Nov  6 21:40:23 MST 2019
  **** IP Build 2700528 on Thu Nov  7 00:09:20 MST 2019
    ** Copyright 1986-2019 Xilinx, Inc. All Rights Reserved.

source D:/MS_TUC/My -notrace
couldn't read file "D:/MS_TUC/My": permission denied
INFO: [Common 17-206] Exiting Webtalk at Fri Jun 12 21:39:42 2020...
run_program: Time (s): cpu = 00:00:01 ; elapsed = 00:00:08 . Memory (MB): peak = 737.848 ; gain = 0.000
INFO: [USF-XSim-69] 'elaborate' step finished in '8' seconds
INFO: [USF-XSim-4] XSim::Simulate design
INFO: [USF-XSim-61] Executing 'SIMULATE' step in 'D:/MS_TUC/My files/S 2/DHS/Lab/lab-2/Lab-2/Lab-2.sim/sim_1/behav/xsim'
INFO: [USF-XSim-98] *** Running xsim
   with args "tb_pwm_spi_behav -key {Behavioral:sim_1:Functional:tb_pwm_spi} -tclbatch {tb_pwm_spi.tcl} -log {simulate.log}"
INFO: [USF-XSim-8] Loading simulator feature
Vivado Simulator 2019.2
Time resolution is 1 ps
source tb_pwm_spi.tcl
# set curr_wave [current_wave_config]
# if { [string length $curr_wave] == 0 } {
#   if { [llength [get_objects]] > 0} {
#     add_wave /
#     set_property needs_save false [current_wave_config]
#   } else {
#      send_msg_id Add_Wave-1 WARNING "No top level signals found. Simulator will start without a wave window. If you want to open a wave window go to 'File->New Waveform Configuration' or type 'create_wave_config' in the TCL console."
#   }
# }
# run 1000ns
INFO: [USF-XSim-96] XSim completed. Design snapshot 'tb_pwm_spi_behav' loaded.
INFO: [USF-XSim-97] XSim simulation ran for 1000ns
launch_simulation: Time (s): cpu = 00:00:07 ; elapsed = 00:00:18 . Memory (MB): peak = 780.285 ; gain = 42.438
run 200 ms
relaunch_sim
Command: launch_simulation -simset sim_1 -mode behavioral
INFO: [Vivado 12-5682] Launching behavioral simulation in 'D:/MS_TUC/My files/S 2/DHS/Lab/lab-2/Lab-2/Lab-2.sim/sim_1/behav/xsim'
INFO: [SIM-utils-51] Simulation object is 'sim_1'
INFO: [SIM-utils-54] Inspecting design source files for 'tb_pwm_spi' in fileset 'sim_1'...
INFO: [USF-XSim-97] Finding global include files...
INFO: [USF-XSim-98] Fetching design files from 'sim_1'...
INFO: [USF-XSim-2] XSim::Compile design
INFO: [USF-XSim-61] Executing 'COMPILE and ANALYZE' step in 'D:/MS_TUC/My files/S 2/DHS/Lab/lab-2/Lab-2/Lab-2.sim/sim_1/behav/xsim'
"xvhdl --incr --relax -prj tb_pwm_spi_vhdl.prj"
INFO: [VRFC 10-163] Analyzing VHDL file "D:/MS_TUC/My files/S 2/DHS/Lab/lab-2/spi.vhd" into library xil_defaultlib
INFO: [VRFC 10-3107] analyzing entity 'SPI'
INFO: [USF-XSim-69] 'compile' step finished in '2' seconds
Command: launch_simulation -simset sim_1 -mode behavioral
INFO: [Vivado 12-5682] Launching behavioral simulation in 'D:/MS_TUC/My files/S 2/DHS/Lab/lab-2/Lab-2/Lab-2.sim/sim_1/behav/xsim'
INFO: [USF-XSim-3] XSim::Elaborate design
INFO: [USF-XSim-61] Executing 'ELABORATE' step in 'D:/MS_TUC/My files/S 2/DHS/Lab/lab-2/Lab-2/Lab-2.sim/sim_1/behav/xsim'
"xelab -wto 89ea1252dd9d4a7c8cae1839e9df8d51 --incr --debug typical --relax --mt 2 -L xil_defaultlib -L secureip --snapshot tb_pwm_spi_behav xil_defaultlib.tb_pwm_spi -log elaborate.log"
Vivado Simulator 2019.2
Copyright 1986-1999, 2001-2019 Xilinx, Inc. All Rights Reserved.
Running: D:/xilinx/Vivado/2019.2/bin/unwrapped/win64.o/xelab.exe -wto 89ea1252dd9d4a7c8cae1839e9df8d51 --incr --debug typical --relax --mt 2 -L xil_defaultlib -L secureip --snapshot tb_pwm_spi_behav xil_defaultlib.tb_pwm_spi -log elaborate.log 
Using 2 slave threads.
Starting static elaboration
Completed static elaboration
Starting simulation data flow analysis
Completed simulation data flow analysis
Time Resolution for simulation is 1ps
Compiling package std.standard
Compiling package std.textio
Compiling package ieee.std_logic_1164
Compiling package ieee.numeric_std
Compiling architecture rtl of entity xil_defaultlib.SPI [spi_default]
Compiling architecture testbench of entity xil_defaultlib.tb_pwm_spi
Built simulation snapshot tb_pwm_spi_behav
INFO: [USF-XSim-69] 'elaborate' step finished in '2' seconds
Vivado Simulator 2019.2
Time resolution is 1 ps
relaunch_sim: Time (s): cpu = 00:00:01 ; elapsed = 00:00:08 . Memory (MB): peak = 807.383 ; gain = 0.000
run 200 ms
relaunch_sim
Command: launch_simulation -simset sim_1 -mode behavioral
INFO: [Vivado 12-5682] Launching behavioral simulation in 'D:/MS_TUC/My files/S 2/DHS/Lab/lab-2/Lab-2/Lab-2.sim/sim_1/behav/xsim'
INFO: [SIM-utils-51] Simulation object is 'sim_1'
INFO: [SIM-utils-54] Inspecting design source files for 'tb_pwm_spi' in fileset 'sim_1'...
INFO: [USF-XSim-97] Finding global include files...
INFO: [USF-XSim-98] Fetching design files from 'sim_1'...
INFO: [USF-XSim-2] XSim::Compile design
INFO: [USF-XSim-61] Executing 'COMPILE and ANALYZE' step in 'D:/MS_TUC/My files/S 2/DHS/Lab/lab-2/Lab-2/Lab-2.sim/sim_1/behav/xsim'
"xvhdl --incr --relax -prj tb_pwm_spi_vhdl.prj"
INFO: [VRFC 10-163] Analyzing VHDL file "D:/MS_TUC/My files/S 2/DHS/Lab/lab-2/spi.vhd" into library xil_defaultlib
INFO: [VRFC 10-3107] analyzing entity 'SPI'
INFO: [USF-XSim-69] 'compile' step finished in '1' seconds
Command: launch_simulation -simset sim_1 -mode behavioral
INFO: [Vivado 12-5682] Launching behavioral simulation in 'D:/MS_TUC/My files/S 2/DHS/Lab/lab-2/Lab-2/Lab-2.sim/sim_1/behav/xsim'
INFO: [USF-XSim-3] XSim::Elaborate design
INFO: [USF-XSim-61] Executing 'ELABORATE' step in 'D:/MS_TUC/My files/S 2/DHS/Lab/lab-2/Lab-2/Lab-2.sim/sim_1/behav/xsim'
"xelab -wto 89ea1252dd9d4a7c8cae1839e9df8d51 --incr --debug typical --relax --mt 2 -L xil_defaultlib -L secureip --snapshot tb_pwm_spi_behav xil_defaultlib.tb_pwm_spi -log elaborate.log"
Vivado Simulator 2019.2
Copyright 1986-1999, 2001-2019 Xilinx, Inc. All Rights Reserved.
Running: D:/xilinx/Vivado/2019.2/bin/unwrapped/win64.o/xelab.exe -wto 89ea1252dd9d4a7c8cae1839e9df8d51 --incr --debug typical --relax --mt 2 -L xil_defaultlib -L secureip --snapshot tb_pwm_spi_behav xil_defaultlib.tb_pwm_spi -log elaborate.log 
Using 2 slave threads.
Starting static elaboration
Completed static elaboration
Starting simulation data flow analysis
Completed simulation data flow analysis
Time Resolution for simulation is 1ps
Compiling package std.standard
Compiling package std.textio
Compiling package ieee.std_logic_1164
Compiling package ieee.numeric_std
Compiling architecture rtl of entity xil_defaultlib.SPI [spi_default]
Compiling architecture testbench of entity xil_defaultlib.tb_pwm_spi
Built simulation snapshot tb_pwm_spi_behav
INFO: [USF-XSim-69] 'elaborate' step finished in '2' seconds
Vivado Simulator 2019.2
Time resolution is 1 ps
relaunch_sim: Time (s): cpu = 00:00:01 ; elapsed = 00:00:06 . Memory (MB): peak = 926.883 ; gain = 0.000
run 200 ms
close_sim
INFO: [Simtcl 6-16] Simulation closed
exit
INFO: [Common 17-206] Exiting Vivado at Sat Jun 13 00:06:41 2020...
