#-----------------------------------------------------------
# Vivado v2019.2 (64-bit)
# SW Build 2708876 on Wed Nov  6 21:40:23 MST 2019
# IP Build 2700528 on Thu Nov  7 00:09:20 MST 2019
# Start of session at: Sun Sep  6 10:41:27 2020
# Process ID: 12616
# Current directory: D:/MS_TUC/My files/S 2/DHS/Lab/PWM_Generator/Serial-Parallel-Interface/Lab-2
# Command line: vivado.exe -gui_launcher_event rodinguilauncherevent8568 D:\MS_TUC\My files\S 2\DHS\Lab\PWM_Generator\Serial-Parallel-Interface\Lab-2\Lab-2.xpr
# Log file: D:/MS_TUC/My files/S 2/DHS/Lab/PWM_Generator/Serial-Parallel-Interface/Lab-2/vivado.log
# Journal file: D:/MS_TUC/My files/S 2/DHS/Lab/PWM_Generator/Serial-Parallel-Interface/Lab-2\vivado.jou
#-----------------------------------------------------------
start_gui
open_project {D:/MS_TUC/My files/S 2/DHS/Lab/PWM_Generator/Serial-Parallel-Interface/Lab-2/Lab-2.xpr}
INFO: [Project 1-313] Project file moved from 'D:/MS_TUC/My files/S 2/DHS/Lab/lab-2/Lab-2' since last save.
Scanning sources...
Finished scanning sources
INFO: [IP_Flow 19-234] Refreshing IP repositories
INFO: [IP_Flow 19-1704] No user IP repositories specified
INFO: [IP_Flow 19-2313] Loaded Vivado IP repository 'D:/xilinx/Vivado/2019.2/data/ip'.
open_project: Time (s): cpu = 00:00:10 ; elapsed = 00:00:11 . Memory (MB): peak = 661.293 ; gain = 49.598
update_compile_order -fileset sources_1
exit
INFO: [Common 17-206] Exiting Vivado at Sun Sep  6 11:00:17 2020...
